21:40:40.128 [restartedMain] INFO  c.s.b.BackendApplication - [logStarting,55] - Starting BackendApplication using Java 1.8.0_361 on LAPTOP-LGT5FLKB with PID 27108 (D:\code\xk\code\010-个人博客系统\源码\blog-backend\blog-start\target\classes started by asus in D:\code\xk\code\010-个人博客系统\源码\blog-backend)
21:40:40.133 [restartedMain] INFO  c.s.b.BackendApplication - [logStartupProfileInfo,663] - The following profiles are active: druid
21:40:40.148 [background-preinit] INFO  o.h.v.i.util.Version - [<clinit>,21] - HV000001: Hibernate Validator 6.2.0.Final
21:40:46.158 [restartedMain] INFO  o.a.c.h.Http11NioProtocol - [log,173] - Initializing ProtocolHandler ["http-nio-8080"]
21:40:46.159 [restartedMain] INFO  o.a.c.c.StandardService - [log,173] - Starting service [Tomcat]
21:40:46.178 [restartedMain] INFO  o.a.c.c.StandardEngine - [log,173] - Starting Servlet engine: [Apache Tomcat/9.0.54]
21:40:46.183 [restartedMain] INFO  o.a.c.c.AprLifecycleListener - [log,173] - Loaded Apache Tomcat Native library [1.2.36] using APR version [1.7.2].
21:40:46.183 [restartedMain] INFO  o.a.c.c.AprLifecycleListener - [log,173] - APR capabilities: IPv6 [true], sendfile [true], accept filters [false], random [true], UDS [true].
21:40:46.184 [restartedMain] INFO  o.a.c.c.AprLifecycleListener - [log,173] - APR/OpenSSL configuration: useAprConnector [false], useOpenSSL [true]
21:40:46.214 [restartedMain] INFO  o.a.c.c.AprLifecycleListener - [log,173] - OpenSSL successfully initialized [OpenSSL 1.1.1t  7 Feb 2023]
21:40:46.434 [restartedMain] INFO  o.a.c.c.C.[.[.[/] - [log,173] - Initializing Spring embedded WebApplicationContext
21:40:51.869 [restartedMain] INFO  c.a.d.p.DruidDataSource - [init,998] - {dataSource-1} inited
21:40:51.880 [restartedMain] INFO  c.a.d.p.DruidDataSource - [close,2071] - {dataSource-1} closing ...
21:40:51.881 [restartedMain] INFO  c.a.d.p.DruidDataSource - [close,2144] - {dataSource-1} closed
21:40:51.932 [restartedMain] INFO  o.a.c.c.StandardService - [log,173] - Stopping service [Tomcat]
21:43:10.310 [restartedMain] INFO  c.s.b.BackendApplication - [logStarting,55] - Starting BackendApplication using Java 1.8.0_361 on LAPTOP-LGT5FLKB with PID 11760 (D:\code\xk\code\010-个人博客系统\源码\blog-backend\blog-start\target\classes started by asus in D:\code\xk\code\010-个人博客系统\源码\blog-backend)
21:43:10.314 [restartedMain] INFO  c.s.b.BackendApplication - [logStartupProfileInfo,663] - The following profiles are active: druid
21:43:10.322 [background-preinit] INFO  o.h.v.i.util.Version - [<clinit>,21] - HV000001: Hibernate Validator 6.2.0.Final
21:43:12.826 [restartedMain] INFO  o.a.c.h.Http11NioProtocol - [log,173] - Initializing ProtocolHandler ["http-nio-8080"]
21:43:12.826 [restartedMain] INFO  o.a.c.c.StandardService - [log,173] - Starting service [Tomcat]
21:43:12.827 [restartedMain] INFO  o.a.c.c.StandardEngine - [log,173] - Starting Servlet engine: [Apache Tomcat/9.0.54]
21:43:12.828 [restartedMain] INFO  o.a.c.c.AprLifecycleListener - [log,173] - Loaded Apache Tomcat Native library [1.2.36] using APR version [1.7.2].
21:43:12.828 [restartedMain] INFO  o.a.c.c.AprLifecycleListener - [log,173] - APR capabilities: IPv6 [true], sendfile [true], accept filters [false], random [true], UDS [true].
21:43:12.829 [restartedMain] INFO  o.a.c.c.AprLifecycleListener - [log,173] - APR/OpenSSL configuration: useAprConnector [false], useOpenSSL [true]
21:43:12.832 [restartedMain] INFO  o.a.c.c.AprLifecycleListener - [log,173] - OpenSSL successfully initialized [OpenSSL 1.1.1t  7 Feb 2023]
21:43:12.924 [restartedMain] INFO  o.a.c.c.C.[.[.[/] - [log,173] - Initializing Spring embedded WebApplicationContext
21:43:15.093 [restartedMain] INFO  c.a.d.p.DruidDataSource - [init,998] - {dataSource-1} inited
21:43:18.375 [restartedMain] INFO  c.a.d.p.DruidDataSource - [close,2071] - {dataSource-1} closing ...
21:43:18.380 [restartedMain] INFO  c.a.d.p.DruidDataSource - [close,2144] - {dataSource-1} closed
21:43:18.527 [restartedMain] INFO  o.a.c.c.StandardService - [log,173] - Stopping service [Tomcat]
21:43:43.448 [restartedMain] INFO  c.s.b.BackendApplication - [logStarting,55] - Starting BackendApplication using Java 1.8.0_361 on LAPTOP-LGT5FLKB with PID 26528 (D:\code\xk\code\010-个人博客系统\源码\blog-backend\blog-start\target\classes started by asus in D:\code\xk\code\010-个人博客系统\源码\blog-backend)
21:43:43.453 [restartedMain] INFO  c.s.b.BackendApplication - [logStartupProfileInfo,663] - The following profiles are active: druid
21:43:43.463 [background-preinit] INFO  o.h.v.i.util.Version - [<clinit>,21] - HV000001: Hibernate Validator 6.2.0.Final
21:43:45.975 [restartedMain] INFO  o.a.c.h.Http11NioProtocol - [log,173] - Initializing ProtocolHandler ["http-nio-8080"]
21:43:45.976 [restartedMain] INFO  o.a.c.c.StandardService - [log,173] - Starting service [Tomcat]
21:43:45.976 [restartedMain] INFO  o.a.c.c.StandardEngine - [log,173] - Starting Servlet engine: [Apache Tomcat/9.0.54]
21:43:45.979 [restartedMain] INFO  o.a.c.c.AprLifecycleListener - [log,173] - Loaded Apache Tomcat Native library [1.2.36] using APR version [1.7.2].
21:43:45.980 [restartedMain] INFO  o.a.c.c.AprLifecycleListener - [log,173] - APR capabilities: IPv6 [true], sendfile [true], accept filters [false], random [true], UDS [true].
21:43:45.980 [restartedMain] INFO  o.a.c.c.AprLifecycleListener - [log,173] - APR/OpenSSL configuration: useAprConnector [false], useOpenSSL [true]
21:43:45.983 [restartedMain] INFO  o.a.c.c.AprLifecycleListener - [log,173] - OpenSSL successfully initialized [OpenSSL 1.1.1t  7 Feb 2023]
21:43:46.078 [restartedMain] INFO  o.a.c.c.C.[.[.[/] - [log,173] - Initializing Spring embedded WebApplicationContext
21:43:48.257 [restartedMain] INFO  c.a.d.p.DruidDataSource - [init,998] - {dataSource-1} inited
21:43:51.928 [restartedMain] INFO  o.a.c.h.Http11NioProtocol - [log,173] - Starting ProtocolHandler ["http-nio-8080"]
21:43:51.934 [restartedMain] INFO  sys-user - [shutdownAsyncManager,33] - ====关闭后台任务任务线程池====
21:43:51.937 [restartedMain] INFO  c.a.d.p.DruidDataSource - [close,2071] - {dataSource-1} closing ...
21:43:51.944 [restartedMain] INFO  c.a.d.p.DruidDataSource - [close,2144] - {dataSource-1} closed
21:43:52.075 [restartedMain] INFO  o.a.c.h.Http11NioProtocol - [log,173] - Pausing ProtocolHandler ["http-nio-8080"]
21:43:52.075 [restartedMain] INFO  o.a.c.c.StandardService - [log,173] - Stopping service [Tomcat]
21:43:52.079 [restartedMain] INFO  o.a.c.h.Http11NioProtocol - [log,173] - Stopping ProtocolHandler ["http-nio-8080"]
21:43:52.079 [restartedMain] INFO  o.a.c.h.Http11NioProtocol - [log,173] - Destroying ProtocolHandler ["http-nio-8080"]
21:44:39.989 [restartedMain] INFO  c.s.b.BackendApplication - [logStarting,55] - Starting BackendApplication using Java 1.8.0_361 on LAPTOP-LGT5FLKB with PID 18656 (D:\code\xk\code\010-个人博客系统\源码\blog-backend\blog-start\target\classes started by asus in D:\code\xk\code\010-个人博客系统\源码\blog-backend)
21:44:39.993 [restartedMain] INFO  c.s.b.BackendApplication - [logStartupProfileInfo,663] - The following profiles are active: druid
21:44:39.998 [background-preinit] INFO  o.h.v.i.util.Version - [<clinit>,21] - HV000001: Hibernate Validator 6.2.0.Final
21:44:42.604 [restartedMain] INFO  o.a.c.h.Http11NioProtocol - [log,173] - Initializing ProtocolHandler ["http-nio-8080"]
21:44:42.605 [restartedMain] INFO  o.a.c.c.StandardService - [log,173] - Starting service [Tomcat]
21:44:42.605 [restartedMain] INFO  o.a.c.c.StandardEngine - [log,173] - Starting Servlet engine: [Apache Tomcat/9.0.54]
21:44:42.606 [restartedMain] INFO  o.a.c.c.AprLifecycleListener - [log,173] - Loaded Apache Tomcat Native library [1.2.36] using APR version [1.7.2].
21:44:42.607 [restartedMain] INFO  o.a.c.c.AprLifecycleListener - [log,173] - APR capabilities: IPv6 [true], sendfile [true], accept filters [false], random [true], UDS [true].
21:44:42.607 [restartedMain] INFO  o.a.c.c.AprLifecycleListener - [log,173] - APR/OpenSSL configuration: useAprConnector [false], useOpenSSL [true]
21:44:42.611 [restartedMain] INFO  o.a.c.c.AprLifecycleListener - [log,173] - OpenSSL successfully initialized [OpenSSL 1.1.1t  7 Feb 2023]
21:44:42.698 [restartedMain] INFO  o.a.c.c.C.[.[.[/] - [log,173] - Initializing Spring embedded WebApplicationContext
21:44:44.814 [restartedMain] INFO  c.a.d.p.DruidDataSource - [init,998] - {dataSource-1} inited
21:44:48.538 [restartedMain] INFO  o.a.c.h.Http11NioProtocol - [log,173] - Starting ProtocolHandler ["http-nio-8080"]
21:44:48.544 [restartedMain] INFO  sys-user - [shutdownAsyncManager,33] - ====关闭后台任务任务线程池====
21:44:48.549 [restartedMain] INFO  c.a.d.p.DruidDataSource - [close,2071] - {dataSource-1} closing ...
21:44:48.554 [restartedMain] INFO  c.a.d.p.DruidDataSource - [close,2144] - {dataSource-1} closed
21:44:48.692 [restartedMain] INFO  o.a.c.h.Http11NioProtocol - [log,173] - Pausing ProtocolHandler ["http-nio-8080"]
21:44:48.692 [restartedMain] INFO  o.a.c.c.StandardService - [log,173] - Stopping service [Tomcat]
21:44:48.695 [restartedMain] INFO  o.a.c.h.Http11NioProtocol - [log,173] - Stopping ProtocolHandler ["http-nio-8080"]
21:44:48.696 [restartedMain] INFO  o.a.c.h.Http11NioProtocol - [log,173] - Destroying ProtocolHandler ["http-nio-8080"]
22:50:38.140 [restartedMain] INFO  c.s.b.BackendApplication - [logStarting,55] - Starting BackendApplication using Java 1.8.0_361 on LAPTOP-LGT5FLKB with PID 27272 (D:\code\xk\code\010-个人博客系统\源码\blog-backend\blog-start\target\classes started by asus in D:\code\xk\code\010-个人博客系统\源码\blog-backend)
22:50:38.144 [restartedMain] INFO  c.s.b.BackendApplication - [logStartupProfileInfo,663] - The following profiles are active: druid
22:50:38.149 [background-preinit] INFO  o.h.v.i.util.Version - [<clinit>,21] - HV000001: Hibernate Validator 6.2.0.Final
22:50:42.329 [restartedMain] INFO  o.a.c.h.Http11NioProtocol - [log,173] - Initializing ProtocolHandler ["http-nio-8080"]
22:50:42.331 [restartedMain] INFO  o.a.c.c.StandardService - [log,173] - Starting service [Tomcat]
22:50:42.331 [restartedMain] INFO  o.a.c.c.StandardEngine - [log,173] - Starting Servlet engine: [Apache Tomcat/9.0.54]
22:50:42.335 [restartedMain] INFO  o.a.c.c.AprLifecycleListener - [log,173] - Loaded Apache Tomcat Native library [1.2.36] using APR version [1.7.2].
22:50:42.336 [restartedMain] INFO  o.a.c.c.AprLifecycleListener - [log,173] - APR capabilities: IPv6 [true], sendfile [true], accept filters [false], random [true], UDS [true].
22:50:42.336 [restartedMain] INFO  o.a.c.c.AprLifecycleListener - [log,173] - APR/OpenSSL configuration: useAprConnector [false], useOpenSSL [true]
22:50:42.354 [restartedMain] INFO  o.a.c.c.AprLifecycleListener - [log,173] - OpenSSL successfully initialized [OpenSSL 1.1.1t  7 Feb 2023]
22:50:42.477 [restartedMain] INFO  o.a.c.c.C.[.[.[/] - [log,173] - Initializing Spring embedded WebApplicationContext
22:50:45.391 [restartedMain] INFO  c.a.d.p.DruidDataSource - [init,998] - {dataSource-1} inited
22:50:49.126 [restartedMain] INFO  o.a.c.h.Http11NioProtocol - [log,173] - Starting ProtocolHandler ["http-nio-8080"]
22:50:49.238 [restartedMain] INFO  c.s.b.BackendApplication - [logStarted,61] - Started BackendApplication in 11.743 seconds (JVM running for 13.95)
22:51:11.398 [http-nio-8080-exec-2] INFO  o.a.c.c.C.[.[.[/] - [log,173] - Initializing Spring DispatcherServlet 'dispatcherServlet'
22:51:38.697 [schedule-pool-1] INFO  sys-user - [run,57] - [127.0.0.1]内网IP[admin][Error][用户不存在/密码错误]
22:52:11.072 [schedule-pool-1] INFO  sys-user - [run,57] - [127.0.0.1]内网IP[admin][Error][验证码错误]
22:52:16.147 [schedule-pool-2] INFO  sys-user - [run,57] - [127.0.0.1]内网IP[admin][Error][验证码错误]
22:52:22.195 [schedule-pool-1] INFO  sys-user - [run,57] - [127.0.0.1]内网IP[admin][Error][用户不存在/密码错误]
22:53:11.695 [schedule-pool-3] INFO  sys-user - [run,57] - [127.0.0.1]内网IP[admin][Error][验证码错误]
22:53:44.293 [schedule-pool-2] INFO  sys-user - [run,57] - [127.0.0.1]内网IP[admin][Success][登录成功]
22:58:39.287 [Thread-26] INFO  sys-user - [shutdownAsyncManager,33] - ====关闭后台任务任务线程池====
22:58:39.290 [Thread-26] INFO  c.a.d.p.DruidDataSource - [close,2071] - {dataSource-1} closing ...
22:58:39.297 [Thread-26] INFO  c.a.d.p.DruidDataSource - [close,2144] - {dataSource-1} closed
22:58:39.816 [restartedMain] INFO  c.s.b.BackendApplication - [logStarting,55] - Starting BackendApplication using Java 1.8.0_361 on LAPTOP-LGT5FLKB with PID 27272 (D:\code\xk\code\010-个人博客系统\源码\blog-backend\blog-start\target\classes started by asus in D:\code\xk\code\010-个人博客系统\源码\blog-backend)
22:58:39.816 [restartedMain] INFO  c.s.b.BackendApplication - [logStartupProfileInfo,663] - The following profiles are active: druid
22:58:41.001 [restartedMain] INFO  o.a.c.h.Http11NioProtocol - [log,173] - Initializing ProtocolHandler ["http-nio-8080"]
22:58:41.002 [restartedMain] INFO  o.a.c.c.StandardService - [log,173] - Starting service [Tomcat]
22:58:41.002 [restartedMain] INFO  o.a.c.c.StandardEngine - [log,173] - Starting Servlet engine: [Apache Tomcat/9.0.54]
22:58:41.002 [restartedMain] INFO  o.a.c.c.AprLifecycleListener - [log,173] - Loaded Apache Tomcat Native library [1.2.36] using APR version [1.7.2].
22:58:41.002 [restartedMain] INFO  o.a.c.c.AprLifecycleListener - [log,173] - APR capabilities: IPv6 [true], sendfile [true], accept filters [false], random [true], UDS [true].
22:58:41.003 [restartedMain] INFO  o.a.c.c.AprLifecycleListener - [log,173] - APR/OpenSSL configuration: useAprConnector [false], useOpenSSL [true]
22:58:41.003 [restartedMain] INFO  o.a.c.c.AprLifecycleListener - [log,173] - OpenSSL successfully initialized [OpenSSL 1.1.1t  7 Feb 2023]
22:58:41.032 [restartedMain] INFO  o.a.c.c.C.[.[.[/] - [log,173] - Initializing Spring embedded WebApplicationContext
22:58:41.913 [restartedMain] INFO  c.a.d.p.DruidDataSource - [init,998] - {dataSource-2} inited
22:58:43.553 [restartedMain] INFO  o.a.c.h.Http11NioProtocol - [log,173] - Starting ProtocolHandler ["http-nio-8080"]
22:58:43.610 [restartedMain] INFO  c.s.b.BackendApplication - [logStarted,61] - Started BackendApplication in 3.898 seconds (JVM running for 488.321)
23:00:08.333 [Thread-36] INFO  sys-user - [shutdownAsyncManager,33] - ====关闭后台任务任务线程池====
23:00:08.339 [Thread-36] INFO  c.a.d.p.DruidDataSource - [close,2071] - {dataSource-2} closing ...
23:00:08.346 [Thread-36] INFO  c.a.d.p.DruidDataSource - [close,2144] - {dataSource-2} closed
23:00:09.214 [restartedMain] INFO  c.s.b.BackendApplication - [logStarting,55] - Starting BackendApplication using Java 1.8.0_361 on LAPTOP-LGT5FLKB with PID 27272 (D:\code\xk\code\010-个人博客系统\源码\blog-backend\blog-start\target\classes started by asus in D:\code\xk\code\010-个人博客系统\源码\blog-backend)
23:00:09.215 [restartedMain] INFO  c.s.b.BackendApplication - [logStartupProfileInfo,663] - The following profiles are active: druid
23:00:10.524 [restartedMain] INFO  o.a.c.h.Http11NioProtocol - [log,173] - Initializing ProtocolHandler ["http-nio-8080"]
23:00:10.524 [restartedMain] INFO  o.a.c.c.StandardService - [log,173] - Starting service [Tomcat]
23:00:10.524 [restartedMain] INFO  o.a.c.c.StandardEngine - [log,173] - Starting Servlet engine: [Apache Tomcat/9.0.54]
23:00:10.524 [restartedMain] INFO  o.a.c.c.AprLifecycleListener - [log,173] - Loaded Apache Tomcat Native library [1.2.36] using APR version [1.7.2].
23:00:10.524 [restartedMain] INFO  o.a.c.c.AprLifecycleListener - [log,173] - APR capabilities: IPv6 [true], sendfile [true], accept filters [false], random [true], UDS [true].
23:00:10.525 [restartedMain] INFO  o.a.c.c.AprLifecycleListener - [log,173] - APR/OpenSSL configuration: useAprConnector [false], useOpenSSL [true]
23:00:10.525 [restartedMain] INFO  o.a.c.c.AprLifecycleListener - [log,173] - OpenSSL successfully initialized [OpenSSL 1.1.1t  7 Feb 2023]
23:00:10.552 [restartedMain] INFO  o.a.c.c.C.[.[.[/] - [log,173] - Initializing Spring embedded WebApplicationContext
23:00:11.363 [restartedMain] INFO  c.a.d.p.DruidDataSource - [init,998] - {dataSource-3} inited
23:00:12.955 [restartedMain] INFO  o.a.c.h.Http11NioProtocol - [log,173] - Starting ProtocolHandler ["http-nio-8080"]
23:00:13.004 [restartedMain] INFO  c.s.b.BackendApplication - [logStarted,61] - Started BackendApplication in 3.893 seconds (JVM running for 577.715)
23:01:15.957 [SpringApplicationShutdownHook] INFO  sys-user - [shutdownAsyncManager,33] - ====关闭后台任务任务线程池====
23:01:15.961 [SpringApplicationShutdownHook] INFO  c.a.d.p.DruidDataSource - [close,2071] - {dataSource-3} closing ...
23:01:15.966 [SpringApplicationShutdownHook] INFO  c.a.d.p.DruidDataSource - [close,2144] - {dataSource-3} closed
23:01:20.289 [restartedMain] INFO  c.s.b.BackendApplication - [logStarting,55] - Starting BackendApplication using Java 1.8.0_361 on LAPTOP-LGT5FLKB with PID 11020 (D:\code\xk\code\010-个人博客系统\源码\blog-backend\blog-start\target\classes started by asus in D:\code\xk\code\010-个人博客系统\源码\blog-backend)
23:01:20.292 [restartedMain] INFO  c.s.b.BackendApplication - [logStartupProfileInfo,663] - The following profiles are active: druid
23:01:20.300 [background-preinit] INFO  o.h.v.i.util.Version - [<clinit>,21] - HV000001: Hibernate Validator 6.2.0.Final
23:01:23.055 [restartedMain] INFO  o.a.c.h.Http11NioProtocol - [log,173] - Initializing ProtocolHandler ["http-nio-8080"]
23:01:23.055 [restartedMain] INFO  o.a.c.c.StandardService - [log,173] - Starting service [Tomcat]
23:01:23.055 [restartedMain] INFO  o.a.c.c.StandardEngine - [log,173] - Starting Servlet engine: [Apache Tomcat/9.0.54]
23:01:23.058 [restartedMain] INFO  o.a.c.c.AprLifecycleListener - [log,173] - Loaded Apache Tomcat Native library [1.2.36] using APR version [1.7.2].
23:01:23.059 [restartedMain] INFO  o.a.c.c.AprLifecycleListener - [log,173] - APR capabilities: IPv6 [true], sendfile [true], accept filters [false], random [true], UDS [true].
23:01:23.059 [restartedMain] INFO  o.a.c.c.AprLifecycleListener - [log,173] - APR/OpenSSL configuration: useAprConnector [false], useOpenSSL [true]
23:01:23.065 [restartedMain] INFO  o.a.c.c.AprLifecycleListener - [log,173] - OpenSSL successfully initialized [OpenSSL 1.1.1t  7 Feb 2023]
23:01:23.164 [restartedMain] INFO  o.a.c.c.C.[.[.[/] - [log,173] - Initializing Spring embedded WebApplicationContext
23:01:25.539 [restartedMain] INFO  c.a.d.p.DruidDataSource - [init,998] - {dataSource-1} inited
23:01:29.349 [restartedMain] INFO  o.a.c.h.Http11NioProtocol - [log,173] - Starting ProtocolHandler ["http-nio-8080"]
23:01:29.455 [restartedMain] INFO  c.s.b.BackendApplication - [logStarted,61] - Started BackendApplication in 9.785 seconds (JVM running for 11.376)
23:01:52.679 [http-nio-8080-exec-1] INFO  o.a.c.c.C.[.[.[/] - [log,173] - Initializing Spring DispatcherServlet 'dispatcherServlet'
23:02:44.030 [SpringApplicationShutdownHook] INFO  sys-user - [shutdownAsyncManager,33] - ====关闭后台任务任务线程池====
23:02:44.035 [SpringApplicationShutdownHook] INFO  c.a.d.p.DruidDataSource - [close,2071] - {dataSource-1} closing ...
23:02:44.046 [SpringApplicationShutdownHook] INFO  c.a.d.p.DruidDataSource - [close,2144] - {dataSource-1} closed
23:02:48.639 [restartedMain] INFO  c.s.b.BackendApplication - [logStarting,55] - Starting BackendApplication using Java 1.8.0_361 on LAPTOP-LGT5FLKB with PID 16668 (D:\code\xk\code\010-个人博客系统\源码\blog-backend\blog-start\target\classes started by asus in D:\code\xk\code\010-个人博客系统\源码\blog-backend)
23:02:48.644 [restartedMain] INFO  c.s.b.BackendApplication - [logStartupProfileInfo,663] - The following profiles are active: druid
23:02:48.653 [background-preinit] INFO  o.h.v.i.util.Version - [<clinit>,21] - HV000001: Hibernate Validator 6.2.0.Final
23:02:52.332 [restartedMain] INFO  o.a.c.h.Http11NioProtocol - [log,173] - Initializing ProtocolHandler ["http-nio-8080"]
23:02:52.333 [restartedMain] INFO  o.a.c.c.StandardService - [log,173] - Starting service [Tomcat]
23:02:52.334 [restartedMain] INFO  o.a.c.c.StandardEngine - [log,173] - Starting Servlet engine: [Apache Tomcat/9.0.54]
23:02:52.340 [restartedMain] INFO  o.a.c.c.AprLifecycleListener - [log,173] - Loaded Apache Tomcat Native library [1.2.36] using APR version [1.7.2].
23:02:52.340 [restartedMain] INFO  o.a.c.c.AprLifecycleListener - [log,173] - APR capabilities: IPv6 [true], sendfile [true], accept filters [false], random [true], UDS [true].
23:02:52.340 [restartedMain] INFO  o.a.c.c.AprLifecycleListener - [log,173] - APR/OpenSSL configuration: useAprConnector [false], useOpenSSL [true]
23:02:52.344 [restartedMain] INFO  o.a.c.c.AprLifecycleListener - [log,173] - OpenSSL successfully initialized [OpenSSL 1.1.1t  7 Feb 2023]
23:02:52.470 [restartedMain] INFO  o.a.c.c.C.[.[.[/] - [log,173] - Initializing Spring embedded WebApplicationContext
23:02:54.729 [restartedMain] INFO  c.a.d.p.DruidDataSource - [init,998] - {dataSource-1} inited
23:02:58.402 [restartedMain] INFO  o.a.c.h.Http11NioProtocol - [log,173] - Starting ProtocolHandler ["http-nio-8080"]
23:02:58.525 [restartedMain] INFO  c.s.b.BackendApplication - [logStarted,61] - Started BackendApplication in 10.573 seconds (JVM running for 12.398)
23:03:29.550 [http-nio-8080-exec-1] INFO  o.a.c.c.C.[.[.[/] - [log,173] - Initializing Spring DispatcherServlet 'dispatcherServlet'
23:03:39.010 [schedule-pool-1] INFO  sys-user - [run,57] - [127.0.0.1]内网IP[admin][Error][验证码错误]
23:03:47.355 [schedule-pool-1] INFO  sys-user - [run,57] - [127.0.0.1]内网IP[admin][Error][用户不存在/密码错误]
23:03:59.212 [schedule-pool-2] INFO  sys-user - [run,57] - [127.0.0.1]内网IP[admin][Error][验证码错误]
23:04:24.667 [schedule-pool-1] INFO  sys-user - [run,57] - [127.0.0.1]内网IP[admin][Success][登录成功]
23:10:53.033 [SpringApplicationShutdownHook] INFO  sys-user - [shutdownAsyncManager,33] - ====关闭后台任务任务线程池====
23:10:53.038 [SpringApplicationShutdownHook] INFO  c.a.d.p.DruidDataSource - [close,2071] - {dataSource-1} closing ...
23:10:53.048 [SpringApplicationShutdownHook] INFO  c.a.d.p.DruidDataSource - [close,2144] - {dataSource-1} closed
