00:00:14.084 [lettuce-eventExecutorLoop-1-4] INFO  i.l.c.p.ConnectionWatchdog - [log,171] - Reconnecting, last destination was localhost:6379
00:00:46.185 [lettuce-eventExecutorLoop-1-6] INFO  i.l.c.p.ConnectionWatchdog - [log,171] - Reconnecting, last destination was localhost:6379
00:01:18.281 [lettuce-eventExecutorLoop-1-8] INFO  i.l.c.p.ConnectionWatchdog - [log,171] - Reconnecting, last destination was localhost:6379
00:01:50.378 [lettuce-eventExecutorLoop-1-2] INFO  i.l.c.p.ConnectionWatchdog - [log,171] - Reconnecting, last destination was localhost:6379
00:02:22.483 [lettuce-eventExecutorLoop-1-4] INFO  i.l.c.p.ConnectionWatchdog - [log,171] - Reconnecting, last destination was localhost:6379
00:02:54.582 [lettuce-eventExecutorLoop-1-6] INFO  i.l.c.p.ConnectionWatchdog - [log,171] - Reconnecting, last destination was localhost:6379
00:03:26.675 [lettuce-eventExecutorLoop-1-8] INFO  i.l.c.p.ConnectionWatchdog - [log,171] - Reconnecting, last destination was localhost:6379
00:03:58.774 [lettuce-eventExecutorLoop-1-2] INFO  i.l.c.p.ConnectionWatchdog - [log,171] - Reconnecting, last destination was localhost:6379
00:04:30.889 [lettuce-eventExecutorLoop-1-4] INFO  i.l.c.p.ConnectionWatchdog - [log,171] - Reconnecting, last destination was localhost:6379
00:05:02.979 [lettuce-eventExecutorLoop-1-6] INFO  i.l.c.p.ConnectionWatchdog - [log,171] - Reconnecting, last destination was localhost:6379
00:05:35.077 [lettuce-eventExecutorLoop-1-8] INFO  i.l.c.p.ConnectionWatchdog - [log,171] - Reconnecting, last destination was localhost:6379
00:06:07.186 [lettuce-eventExecutorLoop-1-2] INFO  i.l.c.p.ConnectionWatchdog - [log,171] - Reconnecting, last destination was localhost:6379
00:06:39.286 [lettuce-eventExecutorLoop-1-4] INFO  i.l.c.p.ConnectionWatchdog - [log,171] - Reconnecting, last destination was localhost:6379
00:07:11.379 [lettuce-eventExecutorLoop-1-6] INFO  i.l.c.p.ConnectionWatchdog - [log,171] - Reconnecting, last destination was localhost:6379
00:07:43.487 [lettuce-eventExecutorLoop-1-8] INFO  i.l.c.p.ConnectionWatchdog - [log,171] - Reconnecting, last destination was localhost:6379
00:08:15.580 [lettuce-eventExecutorLoop-1-2] INFO  i.l.c.p.ConnectionWatchdog - [log,171] - Reconnecting, last destination was localhost:6379
00:08:47.675 [lettuce-eventExecutorLoop-1-4] INFO  i.l.c.p.ConnectionWatchdog - [log,171] - Reconnecting, last destination was localhost:6379
00:09:19.776 [lettuce-eventExecutorLoop-1-6] INFO  i.l.c.p.ConnectionWatchdog - [log,171] - Reconnecting, last destination was localhost:6379
00:09:51.888 [lettuce-eventExecutorLoop-1-8] INFO  i.l.c.p.ConnectionWatchdog - [log,171] - Reconnecting, last destination was localhost:6379
00:10:23.982 [lettuce-eventExecutorLoop-1-2] INFO  i.l.c.p.ConnectionWatchdog - [log,171] - Reconnecting, last destination was localhost:6379
00:10:56.074 [lettuce-eventExecutorLoop-1-4] INFO  i.l.c.p.ConnectionWatchdog - [log,171] - Reconnecting, last destination was localhost:6379
00:11:28.184 [lettuce-eventExecutorLoop-1-6] INFO  i.l.c.p.ConnectionWatchdog - [log,171] - Reconnecting, last destination was localhost:6379
00:12:00.274 [lettuce-eventExecutorLoop-1-8] INFO  i.l.c.p.ConnectionWatchdog - [log,171] - Reconnecting, last destination was localhost:6379
00:12:32.376 [lettuce-eventExecutorLoop-1-2] INFO  i.l.c.p.ConnectionWatchdog - [log,171] - Reconnecting, last destination was localhost:6379
00:13:04.475 [lettuce-eventExecutorLoop-1-4] INFO  i.l.c.p.ConnectionWatchdog - [log,171] - Reconnecting, last destination was localhost:6379
00:13:36.576 [lettuce-eventExecutorLoop-1-6] INFO  i.l.c.p.ConnectionWatchdog - [log,171] - Reconnecting, last destination was localhost:6379
00:14:08.675 [lettuce-eventExecutorLoop-1-8] INFO  i.l.c.p.ConnectionWatchdog - [log,171] - Reconnecting, last destination was localhost:6379
00:14:40.783 [lettuce-eventExecutorLoop-1-2] INFO  i.l.c.p.ConnectionWatchdog - [log,171] - Reconnecting, last destination was localhost:6379
00:15:12.876 [lettuce-eventExecutorLoop-1-4] INFO  i.l.c.p.ConnectionWatchdog - [log,171] - Reconnecting, last destination was localhost:6379
00:15:44.985 [lettuce-eventExecutorLoop-1-6] INFO  i.l.c.p.ConnectionWatchdog - [log,171] - Reconnecting, last destination was localhost:6379
00:16:17.080 [lettuce-eventExecutorLoop-1-8] INFO  i.l.c.p.ConnectionWatchdog - [log,171] - Reconnecting, last destination was localhost:6379
00:16:49.181 [lettuce-eventExecutorLoop-1-2] INFO  i.l.c.p.ConnectionWatchdog - [log,171] - Reconnecting, last destination was localhost:6379
00:17:21.287 [lettuce-eventExecutorLoop-1-4] INFO  i.l.c.p.ConnectionWatchdog - [log,171] - Reconnecting, last destination was localhost:6379
00:17:53.390 [lettuce-eventExecutorLoop-1-6] INFO  i.l.c.p.ConnectionWatchdog - [log,171] - Reconnecting, last destination was localhost:6379
00:18:25.474 [lettuce-eventExecutorLoop-1-8] INFO  i.l.c.p.ConnectionWatchdog - [log,171] - Reconnecting, last destination was localhost:6379
00:18:57.589 [lettuce-eventExecutorLoop-1-2] INFO  i.l.c.p.ConnectionWatchdog - [log,171] - Reconnecting, last destination was localhost:6379
00:19:29.679 [lettuce-eventExecutorLoop-1-4] INFO  i.l.c.p.ConnectionWatchdog - [log,171] - Reconnecting, last destination was localhost:6379
00:20:01.775 [lettuce-eventExecutorLoop-1-6] INFO  i.l.c.p.ConnectionWatchdog - [log,171] - Reconnecting, last destination was localhost:6379
00:20:33.887 [lettuce-eventExecutorLoop-1-8] INFO  i.l.c.p.ConnectionWatchdog - [log,171] - Reconnecting, last destination was localhost:6379
00:21:05.978 [lettuce-eventExecutorLoop-1-2] INFO  i.l.c.p.ConnectionWatchdog - [log,171] - Reconnecting, last destination was localhost:6379
00:21:38.081 [lettuce-eventExecutorLoop-1-4] INFO  i.l.c.p.ConnectionWatchdog - [log,171] - Reconnecting, last destination was localhost:6379
00:22:10.179 [lettuce-eventExecutorLoop-1-6] INFO  i.l.c.p.ConnectionWatchdog - [log,171] - Reconnecting, last destination was localhost:6379
00:22:42.286 [lettuce-eventExecutorLoop-1-8] INFO  i.l.c.p.ConnectionWatchdog - [log,171] - Reconnecting, last destination was localhost:6379
00:23:14.381 [lettuce-eventExecutorLoop-1-2] INFO  i.l.c.p.ConnectionWatchdog - [log,171] - Reconnecting, last destination was localhost:6379
00:23:46.475 [lettuce-eventExecutorLoop-1-4] INFO  i.l.c.p.ConnectionWatchdog - [log,171] - Reconnecting, last destination was localhost:6379
00:24:18.581 [lettuce-eventExecutorLoop-1-6] INFO  i.l.c.p.ConnectionWatchdog - [log,171] - Reconnecting, last destination was localhost:6379
00:24:50.680 [lettuce-eventExecutorLoop-1-8] INFO  i.l.c.p.ConnectionWatchdog - [log,171] - Reconnecting, last destination was localhost:6379
00:25:22.785 [lettuce-eventExecutorLoop-1-2] INFO  i.l.c.p.ConnectionWatchdog - [log,171] - Reconnecting, last destination was localhost:6379
00:25:54.894 [lettuce-eventExecutorLoop-1-4] INFO  i.l.c.p.ConnectionWatchdog - [log,171] - Reconnecting, last destination was localhost:6379
00:26:26.988 [lettuce-eventExecutorLoop-1-6] INFO  i.l.c.p.ConnectionWatchdog - [log,171] - Reconnecting, last destination was localhost:6379
00:26:27.068 [lettuce-nioEventLoop-4-8] INFO  i.l.c.p.ReconnectionHandler - [lambda$null$3,174] - Reconnected to localhost:6379
00:47:56.895 [lettuce-nioEventLoop-4-8] INFO  i.l.c.p.CommandHandler - [log,217] - null Unexpected exception during request: java.io.IOException: 远程主机强迫关闭了一个现有的连接。
java.io.IOException: 远程主机强迫关闭了一个现有的连接。
	at sun.nio.ch.SocketDispatcher.read0(Native Method)
	at sun.nio.ch.SocketDispatcher.read(SocketDispatcher.java:43)
	at sun.nio.ch.IOUtil.readIntoNativeBuffer(IOUtil.java:223)
	at sun.nio.ch.IOUtil.read(IOUtil.java:192)
	at sun.nio.ch.SocketChannelImpl.read(SocketChannelImpl.java:378)
	at io.netty.buffer.PooledByteBuf.setBytes(PooledByteBuf.java:253)
	at io.netty.buffer.AbstractByteBuf.writeBytes(AbstractByteBuf.java:1132)
	at io.netty.channel.socket.nio.NioSocketChannel.doReadBytes(NioSocketChannel.java:350)
	at io.netty.channel.nio.AbstractNioByteChannel$NioByteUnsafe.read(AbstractNioByteChannel.java:151)
	at io.netty.channel.nio.NioEventLoop.processSelectedKey(NioEventLoop.java:719)
	at io.netty.channel.nio.NioEventLoop.processSelectedKeysOptimized(NioEventLoop.java:655)
	at io.netty.channel.nio.NioEventLoop.processSelectedKeys(NioEventLoop.java:581)
	at io.netty.channel.nio.NioEventLoop.run(NioEventLoop.java:493)
	at io.netty.util.concurrent.SingleThreadEventExecutor$4.run(SingleThreadEventExecutor.java:986)
	at io.netty.util.internal.ThreadExecutorMap$2.run(ThreadExecutorMap.java:74)
	at io.netty.util.concurrent.FastThreadLocalRunnable.run(FastThreadLocalRunnable.java:30)
	at java.lang.Thread.run(Thread.java:750)
00:47:56.990 [lettuce-eventExecutorLoop-1-3] INFO  i.l.c.p.ConnectionWatchdog - [log,171] - Reconnecting, last destination was localhost/127.0.0.1:6379
00:48:03.276 [lettuce-eventExecutorLoop-1-6] INFO  i.l.c.p.ConnectionWatchdog - [log,171] - Reconnecting, last destination was localhost:6379
00:48:09.682 [lettuce-eventExecutorLoop-1-3] INFO  i.l.c.p.ConnectionWatchdog - [log,171] - Reconnecting, last destination was localhost:6379
00:48:16.782 [lettuce-eventExecutorLoop-1-1] INFO  i.l.c.p.ConnectionWatchdog - [log,171] - Reconnecting, last destination was localhost:6379
00:48:23.635 [SpringApplicationShutdownHook] INFO  sys-user - [shutdownAsyncManager,30] - ====关闭后台任务任务线程池====
00:48:23.647 [SpringApplicationShutdownHook] INFO  c.a.d.p.DruidDataSource - [close,2071] - {dataSource-1} closing ...
00:48:23.657 [SpringApplicationShutdownHook] INFO  c.a.d.p.DruidDataSource - [close,2144] - {dataSource-1} closed
